[0m05:09:33.017327 [debug] [MainThread]: Sending event: {'category': 'dbt', 'action': 'invocation', 'label': 'start', 'context': [<snowplow_tracker.self_describing_json.SelfDescribingJson object at 0x7f58c178efb0>, <snowplow_tracker.self_describing_json.SelfDescribingJson object at 0x7f58bf705ab0>, <snowplow_tracker.self_describing_json.SelfDescribingJson object at 0x7f58bf705a50>]}


============================== 05:09:33.025894 | 47354163-cb5e-4f45-8665-4d45335953e6 ==============================
[0m05:09:33.025894 [info ] [MainThread]: Running with dbt=1.7.1
[0m05:09:33.026871 [debug] [MainThread]: running dbt with arguments {'printer_width': '80', 'indirect_selection': 'eager', 'log_cache_events': 'False', 'write_json': 'True', 'partial_parse': 'True', 'cache_selected_only': 'False', 'profiles_dir': '/home/codespace/.dbt', 'debug': 'False', 'version_check': 'True', 'log_path': 'logs', 'fail_fast': 'False', 'warn_error': 'None', 'use_colors': 'True', 'use_experimental_parser': 'False', 'no_print': 'None', 'quiet': 'False', 'warn_error_options': 'WarnErrorOptions(include=[], exclude=[])', 'static_parser': 'True', 'invocation_command': 'dbt init your_project_name', 'log_format': 'default', 'target_path': 'None', 'introspect': 'True', 'send_anonymous_usage_stats': 'True'}
[0m05:09:33.027797 [warn ] [MainThread]: [ConfigFolderDirectory]: Unable to parse dict {'dir': PosixPath('/home/codespace/.dbt')}
[0m05:09:33.028527 [info ] [MainThread]: Creating dbt configuration folder at 
[0m05:09:33.029839 [debug] [MainThread]: Starter project path: /usr/local/python/3.10.8/lib/python3.10/site-packages/dbt/include/starter_project
[0m05:09:33.036278 [info ] [MainThread]: 
Your new dbt project "your_project_name" was created!

For more information on how to configure the profiles.yml file,
please consult the dbt documentation here:

  https://docs.getdbt.com/docs/configure-your-profile

One more thing:

Need help? Don't hesitate to reach out to us via GitHub issues or on Slack:

  https://community.getdbt.com/

Happy modeling!

[0m05:09:33.037108 [info ] [MainThread]: Setting up your profile.
[0m05:09:33.038155 [error] [MainThread]: Encountered an error:
Runtime Error
  No adapters available. Learn how to install an adapter by going to https://docs.getdbt.com/docs/connect-adapters#install-using-the-cli
[0m05:09:33.039532 [debug] [MainThread]: Resource report: {"command_name": "init", "command_wall_clock_time": 0.026705673, "process_user_time": 2.422798, "process_kernel_time": 0.188217, "process_mem_max_rss": "90248", "process_in_blocks": "22656", "process_out_blocks": "64", "command_success": false}
[0m05:09:33.040401 [debug] [MainThread]: Command `dbt init` failed at 05:09:33.040168 after 0.03 seconds
[0m05:09:33.041073 [debug] [MainThread]: Sending event: {'category': 'dbt', 'action': 'invocation', 'label': 'end', 'context': [<snowplow_tracker.self_describing_json.SelfDescribingJson object at 0x7f58c178efb0>, <snowplow_tracker.self_describing_json.SelfDescribingJson object at 0x7f58bf705b70>, <snowplow_tracker.self_describing_json.SelfDescribingJson object at 0x7f58bf705f90>]}
[0m05:09:33.041919 [debug] [MainThread]: Flushing usage events
[0m05:09:55.629150 [debug] [MainThread]: Sending event: {'category': 'dbt', 'action': 'invocation', 'label': 'start', 'context': [<snowplow_tracker.self_describing_json.SelfDescribingJson object at 0x7f7bee6be530>, <snowplow_tracker.self_describing_json.SelfDescribingJson object at 0x7f7bec631ae0>, <snowplow_tracker.self_describing_json.SelfDescribingJson object at 0x7f7bec631a80>]}


============================== 05:09:55.632498 | 9c323093-1c50-427f-833e-92b4b62c9073 ==============================
[0m05:09:55.632498 [info ] [MainThread]: Running with dbt=1.7.1
[0m05:09:55.633477 [debug] [MainThread]: running dbt with arguments {'printer_width': '80', 'indirect_selection': 'eager', 'write_json': 'True', 'log_cache_events': 'False', 'partial_parse': 'True', 'cache_selected_only': 'False', 'profiles_dir': '/home/codespace/.dbt', 'fail_fast': 'False', 'version_check': 'True', 'log_path': 'logs', 'debug': 'False', 'warn_error': 'None', 'use_colors': 'True', 'use_experimental_parser': 'False', 'no_print': 'None', 'quiet': 'False', 'warn_error_options': 'WarnErrorOptions(include=[], exclude=[])', 'introspect': 'True', 'invocation_command': 'dbt init ga4_dm', 'log_format': 'default', 'target_path': 'None', 'static_parser': 'True', 'send_anonymous_usage_stats': 'True'}
[0m05:09:55.634678 [debug] [MainThread]: Starter project path: /usr/local/python/3.10.8/lib/python3.10/site-packages/dbt/include/starter_project
[0m05:09:55.640137 [info ] [MainThread]: 
Your new dbt project "ga4_dm" was created!

For more information on how to configure the profiles.yml file,
please consult the dbt documentation here:

  https://docs.getdbt.com/docs/configure-your-profile

One more thing:

Need help? Don't hesitate to reach out to us via GitHub issues or on Slack:

  https://community.getdbt.com/

Happy modeling!

[0m05:09:55.641279 [info ] [MainThread]: Setting up your profile.
[0m05:09:55.642455 [error] [MainThread]: Encountered an error:
Runtime Error
  No adapters available. Learn how to install an adapter by going to https://docs.getdbt.com/docs/connect-adapters#install-using-the-cli
[0m05:09:55.643741 [debug] [MainThread]: Resource report: {"command_name": "init", "command_wall_clock_time": 0.018758498, "process_user_time": 2.55895, "process_kernel_time": 0.139506, "process_mem_max_rss": "90340", "process_out_blocks": "64", "command_success": false, "process_in_blocks": "0"}
[0m05:09:55.644580 [debug] [MainThread]: Command `dbt init` failed at 05:09:55.644350 after 0.02 seconds
[0m05:09:55.645262 [debug] [MainThread]: Sending event: {'category': 'dbt', 'action': 'invocation', 'label': 'end', 'context': [<snowplow_tracker.self_describing_json.SelfDescribingJson object at 0x7f7bee6be530>, <snowplow_tracker.self_describing_json.SelfDescribingJson object at 0x7f7bec631d50>, <snowplow_tracker.self_describing_json.SelfDescribingJson object at 0x7f7bec631e70>]}
[0m05:09:55.646067 [debug] [MainThread]: Flushing usage events
